<?xml version="1.0" encoding="UTF-8"?>
<!-- Generated by org.testng.reporters.JUnitXMLReporter -->
<testsuite ignored="0" hostname="DESKTOP-B13BOUI" failures="1" tests="6" name="Run All Cucumber Features" time="31.138" errors="0" timestamp="2025-09-08T00:45:10 IST">
  <testcase classname="io.cucumber.testng.AbstractTestNGCucumberTests" name="runScenario" time="6.169"/>
  <testcase classname="io.cucumber.testng.AbstractTestNGCucumberTests" name="runScenario" time="5.236">
    <failure type="java.lang.AssertionError" message="Cart badge is visible but expected not visible expected [false] but found [true]">
      <![CDATA[java.lang.AssertionError: Cart badge is visible but expected not visible expected [false] but found [true]
at stepdefs.CartStepDefs.the_cart_badge_should_not_be_visible(CartStepDefs.java:39)
at âœ½.the cart badge should not be visible(file:///C:/Users/VAMSI/eclipse-workspace/saucedemo-bdd-capstone/src/test/java/feature/Cart.feature:12)
... Removed 3 stack frames]]>
    </failure>
  </testcase> <!-- runScenario -->
  <testcase classname="io.cucumber.testng.AbstractTestNGCucumberTests" name="runScenario" time="4.709"/>
  <testcase classname="io.cucumber.testng.AbstractTestNGCucumberTests" name="runScenario" time="4.644"/>
  <testcase classname="io.cucumber.testng.AbstractTestNGCucumberTests" name="runScenario" time="4.399"/>
  <testcase classname="io.cucumber.testng.AbstractTestNGCucumberTests" name="runScenario" time="4.743"/>
</testsuite> <!-- Run All Cucumber Features -->
